2025-04-09T11:17:45.091+02:00  INFO 8680 --- [crime-reporting-backend] [main] c.c.r.c.CrimeReportingBackendApplication : Starting CrimeReportingBackendApplication using Java 23.0.2 with PID 8680 (C:\IdeaProjects\crime-reporting-system\crime-reporting-backend\target\classes started by Humura in C:\IdeaProjects\crime-reporting-system\crime-reporting-backend)
2025-04-09T11:17:45.105+02:00 DEBUG 8680 --- [crime-reporting-backend] [main] c.c.r.c.CrimeReportingBackendApplication : Running with Spring Boot v3.4.4, Spring v6.2.5
2025-04-09T11:17:45.107+02:00  INFO 8680 --- [crime-reporting-backend] [main] c.c.r.c.CrimeReportingBackendApplication : No active profile set, falling back to 1 default profile: "default"
2025-04-09T11:17:47.442+02:00  INFO 8680 --- [crime-reporting-backend] [main] .s.d.r.c.RepositoryConfigurationDelegate : Multiple Spring Data modules found, entering strict repository configuration mode
2025-04-09T11:17:47.447+02:00  INFO 8680 --- [crime-reporting-backend] [main] .s.d.r.c.RepositoryConfigurationDelegate : Bootstrapping Spring Data JPA repositories in DEFAULT mode.
2025-04-09T11:17:47.761+02:00  INFO 8680 --- [crime-reporting-backend] [main] .s.d.r.c.RepositoryConfigurationDelegate : Finished Spring Data repository scanning in 296 ms. Found 7 JPA repository interfaces.
2025-04-09T11:17:49.021+02:00  INFO 8680 --- [crime-reporting-backend] [main] o.s.b.w.embedded.tomcat.TomcatWebServer  : Tomcat initialized with port 8080 (http)
2025-04-09T11:17:49.046+02:00  INFO 8680 --- [crime-reporting-backend] [main] o.apache.catalina.core.StandardService   : Starting service [Tomcat]
2025-04-09T11:17:49.046+02:00  INFO 8680 --- [crime-reporting-backend] [main] o.apache.catalina.core.StandardEngine    : Starting Servlet engine: [Apache Tomcat/10.1.39]
2025-04-09T11:17:49.176+02:00  INFO 8680 --- [crime-reporting-backend] [main] o.a.c.c.C.[Tomcat].[localhost].[/]       : Initializing Spring embedded WebApplicationContext
2025-04-09T11:17:49.177+02:00  INFO 8680 --- [crime-reporting-backend] [main] w.s.c.ServletWebServerApplicationContext : Root WebApplicationContext: initialization completed in 3940 ms
2025-04-09T11:17:49.717+02:00  INFO 8680 --- [crime-reporting-backend] [main] o.hibernate.jpa.internal.util.LogHelper  : HHH000204: Processing PersistenceUnitInfo [name: default]
2025-04-09T11:17:49.813+02:00  INFO 8680 --- [crime-reporting-backend] [main] org.hibernate.Version                    : HHH000412: Hibernate ORM core version 6.6.11.Final
2025-04-09T11:17:49.863+02:00  INFO 8680 --- [crime-reporting-backend] [main] o.h.c.internal.RegionFactoryInitiator    : HHH000026: Second-level cache disabled
2025-04-09T11:17:50.234+02:00  INFO 8680 --- [crime-reporting-backend] [main] o.s.o.j.p.SpringPersistenceUnitInfo      : No LoadTimeWeaver setup: ignoring JPA class transformer
2025-04-09T11:17:50.274+02:00  INFO 8680 --- [crime-reporting-backend] [main] com.zaxxer.hikari.HikariDataSource       : HikariPool-1 - Starting...
2025-04-09T11:17:50.590+02:00  INFO 8680 --- [crime-reporting-backend] [main] com.zaxxer.hikari.pool.HikariPool        : HikariPool-1 - Added connection org.postgresql.jdbc.PgConnection@37cc6017
2025-04-09T11:17:50.592+02:00  INFO 8680 --- [crime-reporting-backend] [main] com.zaxxer.hikari.HikariDataSource       : HikariPool-1 - Start completed.
2025-04-09T11:17:50.653+02:00  WARN 8680 --- [crime-reporting-backend] [main] org.hibernate.orm.deprecation            : HHH90000025: PostgreSQLDialect does not need to be specified explicitly using 'hibernate.dialect' (remove the property setting and it will be selected by default)
2025-04-09T11:17:50.675+02:00  INFO 8680 --- [crime-reporting-backend] [main] org.hibernate.orm.connections.pooling    : HHH10001005: Database info:
	Database JDBC URL [Connecting through datasource 'HikariDataSource (HikariPool-1)']
	Database driver: undefined/unknown
	Database version: 17.4
	Autocommit mode: undefined/unknown
	Isolation level: undefined/unknown
	Minimum pool size: undefined/unknown
	Maximum pool size: undefined/unknown
2025-04-09T11:17:52.192+02:00  INFO 8680 --- [crime-reporting-backend] [main] o.h.e.t.j.p.i.JtaPlatformInitiator       : HHH000489: No JTA platform available (set 'hibernate.transaction.jta.platform' to enable JTA platform integration)
2025-04-09T11:17:52.339+02:00  WARN 8680 --- [crime-reporting-backend] [main] o.h.engine.jdbc.spi.SqlExceptionHelper   : SQL Warning Code: 0, SQLState: 00000
2025-04-09T11:17:52.340+02:00  WARN 8680 --- [crime-reporting-backend] [main] o.h.engine.jdbc.spi.SqlExceptionHelper   : constraint "uklhm242hci64dk1lr7f557dcwt" of relation "case_files" does not exist, skipping
2025-04-09T11:17:52.343+02:00  WARN 8680 --- [crime-reporting-backend] [main] o.h.engine.jdbc.spi.SqlExceptionHelper   : SQL Warning Code: 0, SQLState: 00000
2025-04-09T11:17:52.343+02:00  WARN 8680 --- [crime-reporting-backend] [main] o.h.engine.jdbc.spi.SqlExceptionHelper   : constraint "ukk3e3f4fks2j214g7cwg6i80p1" of relation "police_officers" does not exist, skipping
2025-04-09T11:17:52.345+02:00  WARN 8680 --- [crime-reporting-backend] [main] o.h.engine.jdbc.spi.SqlExceptionHelper   : SQL Warning Code: 0, SQLState: 00000
2025-04-09T11:17:52.345+02:00  WARN 8680 --- [crime-reporting-backend] [main] o.h.engine.jdbc.spi.SqlExceptionHelper   : constraint "uk6dotkott2kjsp8vw4d0m25fb7" of relation "users" does not exist, skipping
2025-04-09T11:17:52.367+02:00  INFO 8680 --- [crime-reporting-backend] [main] j.LocalContainerEntityManagerFactoryBean : Initialized JPA EntityManagerFactory for persistence unit 'default'
2025-04-09T11:17:52.894+02:00 DEBUG 8680 --- [crime-reporting-backend] [main] c.c.r.c.s.JwtAuthenticationFilter        : Filter 'jwtAuthenticationFilter' configured for use
2025-04-09T11:17:53.015+02:00  INFO 8680 --- [crime-reporting-backend] [main] eAuthenticationProviderManagerConfigurer : Global AuthenticationManager configured with AuthenticationProvider bean with name authenticationProvider
2025-04-09T11:17:53.016+02:00  WARN 8680 --- [crime-reporting-backend] [main] r$InitializeUserDetailsManagerConfigurer : Global AuthenticationManager configured with an AuthenticationProvider bean. UserDetailsService beans will not be used by Spring Security for automatically configuring username/password login. Consider removing the AuthenticationProvider bean. Alternatively, consider using the UserDetailsService in a manually instantiated DaoAuthenticationProvider. If the current configuration is intentional, to turn off this warning, increase the logging level of 'org.springframework.security.config.annotation.authentication.configuration.InitializeUserDetailsBeanManagerConfigurer' to ERROR
2025-04-09T11:17:53.022+02:00  WARN 8680 --- [crime-reporting-backend] [main] ConfigServletWebServerApplicationContext : Exception encountered during context initialization - cancelling refresh attempt: org.springframework.beans.factory.UnsatisfiedDependencyException: Error creating bean with name 'authController' defined in file [C:\IdeaProjects\crime-reporting-system\crime-reporting-backend\target\classes\com\crime\reporting\crime_reporting_backend\controller\AuthController.class]: Unsatisfied dependency expressed through constructor parameter 0: Error creating bean with name 'authService' defined in file [C:\IdeaProjects\crime-reporting-system\crime-reporting-backend\target\classes\com\crime\reporting\crime_reporting_backend\service\AuthService.class]: Unsatisfied dependency expressed through constructor parameter 4: No qualifying bean of type 'org.springframework.data.redis.core.RedisTemplate<java.lang.String, java.lang.String>' available: expected at least 1 bean which qualifies as autowire candidate. Dependency annotations: {}
2025-04-09T11:17:53.023+02:00  INFO 8680 --- [crime-reporting-backend] [main] j.LocalContainerEntityManagerFactoryBean : Closing JPA EntityManagerFactory for persistence unit 'default'
2025-04-09T11:17:53.028+02:00  INFO 8680 --- [crime-reporting-backend] [main] com.zaxxer.hikari.HikariDataSource       : HikariPool-1 - Shutdown initiated...
2025-04-09T11:17:53.035+02:00  INFO 8680 --- [crime-reporting-backend] [main] com.zaxxer.hikari.HikariDataSource       : HikariPool-1 - Shutdown completed.
2025-04-09T11:17:53.037+02:00  INFO 8680 --- [crime-reporting-backend] [main] o.apache.catalina.core.StandardService   : Stopping service [Tomcat]
2025-04-09T11:17:53.060+02:00  INFO 8680 --- [crime-reporting-backend] [main] .s.b.a.l.ConditionEvaluationReportLogger : 

Error starting ApplicationContext. To display the condition evaluation report re-run your application with 'debug' enabled.
2025-04-09T11:17:53.101+02:00 ERROR 8680 --- [crime-reporting-backend] [main] o.s.b.d.LoggingFailureAnalysisReporter   : 

***************************
APPLICATION FAILED TO START
***************************

Description:

Parameter 4 of constructor in com.crime.reporting.crime_reporting_backend.service.AuthService required a bean of type 'org.springframework.data.redis.core.RedisTemplate' that could not be found.


Action:

Consider defining a bean of type 'org.springframework.data.redis.core.RedisTemplate' in your configuration.

2025-04-09T11:26:23.167+02:00  INFO 20160 --- [crime-reporting-backend] [main] c.c.r.c.CrimeReportingBackendApplication : Starting CrimeReportingBackendApplication using Java 23.0.2 with PID 20160 (C:\IdeaProjects\crime-reporting-system\crime-reporting-backend\target\classes started by Humura in C:\IdeaProjects\crime-reporting-system\crime-reporting-backend)
2025-04-09T11:26:23.171+02:00 DEBUG 20160 --- [crime-reporting-backend] [main] c.c.r.c.CrimeReportingBackendApplication : Running with Spring Boot v3.4.4, Spring v6.2.5
2025-04-09T11:26:23.172+02:00  INFO 20160 --- [crime-reporting-backend] [main] c.c.r.c.CrimeReportingBackendApplication : No active profile set, falling back to 1 default profile: "default"
2025-04-09T11:26:26.100+02:00  INFO 20160 --- [crime-reporting-backend] [main] .s.d.r.c.RepositoryConfigurationDelegate : Multiple Spring Data modules found, entering strict repository configuration mode
2025-04-09T11:26:26.105+02:00  INFO 20160 --- [crime-reporting-backend] [main] .s.d.r.c.RepositoryConfigurationDelegate : Bootstrapping Spring Data JPA repositories in DEFAULT mode.
2025-04-09T11:26:26.424+02:00  INFO 20160 --- [crime-reporting-backend] [main] .s.d.r.c.RepositoryConfigurationDelegate : Finished Spring Data repository scanning in 302 ms. Found 7 JPA repository interfaces.
2025-04-09T11:26:26.466+02:00  INFO 20160 --- [crime-reporting-backend] [main] .s.d.r.c.RepositoryConfigurationDelegate : Multiple Spring Data modules found, entering strict repository configuration mode
2025-04-09T11:26:26.471+02:00  INFO 20160 --- [crime-reporting-backend] [main] .s.d.r.c.RepositoryConfigurationDelegate : Bootstrapping Spring Data Redis repositories in DEFAULT mode.
2025-04-09T11:26:26.520+02:00  INFO 20160 --- [crime-reporting-backend] [main] .RepositoryConfigurationExtensionSupport : Spring Data Redis - Could not safely identify store assignment for repository candidate interface com.crime.reporting.crime_reporting_backend.repository.CaseFileRepository; If you want this repository to be a Redis repository, consider annotating your entities with one of these annotations: org.springframework.data.redis.core.RedisHash (preferred), or consider extending one of the following types with your repository: org.springframework.data.keyvalue.repository.KeyValueRepository
2025-04-09T11:26:26.521+02:00  INFO 20160 --- [crime-reporting-backend] [main] .RepositoryConfigurationExtensionSupport : Spring Data Redis - Could not safely identify store assignment for repository candidate interface com.crime.reporting.crime_reporting_backend.repository.CaseNoteRepository; If you want this repository to be a Redis repository, consider annotating your entities with one of these annotations: org.springframework.data.redis.core.RedisHash (preferred), or consider extending one of the following types with your repository: org.springframework.data.keyvalue.repository.KeyValueRepository
2025-04-09T11:26:26.523+02:00  INFO 20160 --- [crime-reporting-backend] [main] .RepositoryConfigurationExtensionSupport : Spring Data Redis - Could not safely identify store assignment for repository candidate interface com.crime.reporting.crime_reporting_backend.repository.ComplaintRepository; If you want this repository to be a Redis repository, consider annotating your entities with one of these annotations: org.springframework.data.redis.core.RedisHash (preferred), or consider extending one of the following types with your repository: org.springframework.data.keyvalue.repository.KeyValueRepository
2025-04-09T11:26:26.524+02:00  INFO 20160 --- [crime-reporting-backend] [main] .RepositoryConfigurationExtensionSupport : Spring Data Redis - Could not safely identify store assignment for repository candidate interface com.crime.reporting.crime_reporting_backend.repository.EvidenceRepository; If you want this repository to be a Redis repository, consider annotating your entities with one of these annotations: org.springframework.data.redis.core.RedisHash (preferred), or consider extending one of the following types with your repository: org.springframework.data.keyvalue.repository.KeyValueRepository
2025-04-09T11:26:26.525+02:00  INFO 20160 --- [crime-reporting-backend] [main] .RepositoryConfigurationExtensionSupport : Spring Data Redis - Could not safely identify store assignment for repository candidate interface com.crime.reporting.crime_reporting_backend.repository.PoliceOfficerRepository; If you want this repository to be a Redis repository, consider annotating your entities with one of these annotations: org.springframework.data.redis.core.RedisHash (preferred), or consider extending one of the following types with your repository: org.springframework.data.keyvalue.repository.KeyValueRepository
2025-04-09T11:26:26.526+02:00  INFO 20160 --- [crime-reporting-backend] [main] .RepositoryConfigurationExtensionSupport : Spring Data Redis - Could not safely identify store assignment for repository candidate interface com.crime.reporting.crime_reporting_backend.repository.UserRepository; If you want this repository to be a Redis repository, consider annotating your entities with one of these annotations: org.springframework.data.redis.core.RedisHash (preferred), or consider extending one of the following types with your repository: org.springframework.data.keyvalue.repository.KeyValueRepository
2025-04-09T11:26:26.528+02:00  INFO 20160 --- [crime-reporting-backend] [main] .RepositoryConfigurationExtensionSupport : Spring Data Redis - Could not safely identify store assignment for repository candidate interface com.crime.reporting.crime_reporting_backend.repository.WitnessStatementRepository; If you want this repository to be a Redis repository, consider annotating your entities with one of these annotations: org.springframework.data.redis.core.RedisHash (preferred), or consider extending one of the following types with your repository: org.springframework.data.keyvalue.repository.KeyValueRepository
2025-04-09T11:26:26.528+02:00  INFO 20160 --- [crime-reporting-backend] [main] .s.d.r.c.RepositoryConfigurationDelegate : Finished Spring Data repository scanning in 26 ms. Found 0 Redis repository interfaces.
2025-04-09T11:26:27.714+02:00  INFO 20160 --- [crime-reporting-backend] [main] o.s.b.w.embedded.tomcat.TomcatWebServer  : Tomcat initialized with port 8080 (http)
2025-04-09T11:26:27.732+02:00  INFO 20160 --- [crime-reporting-backend] [main] o.apache.catalina.core.StandardService   : Starting service [Tomcat]
2025-04-09T11:26:27.732+02:00  INFO 20160 --- [crime-reporting-backend] [main] o.apache.catalina.core.StandardEngine    : Starting Servlet engine: [Apache Tomcat/10.1.39]
2025-04-09T11:26:27.801+02:00  INFO 20160 --- [crime-reporting-backend] [main] o.a.c.c.C.[Tomcat].[localhost].[/]       : Initializing Spring embedded WebApplicationContext
2025-04-09T11:26:27.802+02:00  INFO 20160 --- [crime-reporting-backend] [main] w.s.c.ServletWebServerApplicationContext : Root WebApplicationContext: initialization completed in 4514 ms
2025-04-09T11:26:28.198+02:00  INFO 20160 --- [crime-reporting-backend] [main] o.hibernate.jpa.internal.util.LogHelper  : HHH000204: Processing PersistenceUnitInfo [name: default]
2025-04-09T11:26:28.277+02:00  INFO 20160 --- [crime-reporting-backend] [main] org.hibernate.Version                    : HHH000412: Hibernate ORM core version 6.6.11.Final
2025-04-09T11:26:28.322+02:00  INFO 20160 --- [crime-reporting-backend] [main] o.h.c.internal.RegionFactoryInitiator    : HHH000026: Second-level cache disabled
2025-04-09T11:26:28.945+02:00  INFO 20160 --- [crime-reporting-backend] [main] o.s.o.j.p.SpringPersistenceUnitInfo      : No LoadTimeWeaver setup: ignoring JPA class transformer
2025-04-09T11:26:28.986+02:00  INFO 20160 --- [crime-reporting-backend] [main] com.zaxxer.hikari.HikariDataSource       : HikariPool-1 - Starting...
2025-04-09T11:26:29.216+02:00  INFO 20160 --- [crime-reporting-backend] [main] com.zaxxer.hikari.pool.HikariPool        : HikariPool-1 - Added connection org.postgresql.jdbc.PgConnection@50013a15
2025-04-09T11:26:29.218+02:00  INFO 20160 --- [crime-reporting-backend] [main] com.zaxxer.hikari.HikariDataSource       : HikariPool-1 - Start completed.
2025-04-09T11:26:29.271+02:00  WARN 20160 --- [crime-reporting-backend] [main] org.hibernate.orm.deprecation            : HHH90000025: PostgreSQLDialect does not need to be specified explicitly using 'hibernate.dialect' (remove the property setting and it will be selected by default)
2025-04-09T11:26:29.297+02:00  INFO 20160 --- [crime-reporting-backend] [main] org.hibernate.orm.connections.pooling    : HHH10001005: Database info:
	Database JDBC URL [Connecting through datasource 'HikariDataSource (HikariPool-1)']
	Database driver: undefined/unknown
	Database version: 17.4
	Autocommit mode: undefined/unknown
	Isolation level: undefined/unknown
	Minimum pool size: undefined/unknown
	Maximum pool size: undefined/unknown
2025-04-09T11:26:30.832+02:00  INFO 20160 --- [crime-reporting-backend] [main] o.h.e.t.j.p.i.JtaPlatformInitiator       : HHH000489: No JTA platform available (set 'hibernate.transaction.jta.platform' to enable JTA platform integration)
2025-04-09T11:26:31.357+02:00  INFO 20160 --- [crime-reporting-backend] [main] j.LocalContainerEntityManagerFactoryBean : Initialized JPA EntityManagerFactory for persistence unit 'default'
2025-04-09T11:26:31.726+02:00 DEBUG 20160 --- [crime-reporting-backend] [main] c.c.r.c.s.JwtAuthenticationFilter        : Filter 'jwtAuthenticationFilter' configured for use
2025-04-09T11:26:31.799+02:00  INFO 20160 --- [crime-reporting-backend] [main] eAuthenticationProviderManagerConfigurer : Global AuthenticationManager configured with AuthenticationProvider bean with name authenticationProvider
2025-04-09T11:26:31.799+02:00  WARN 20160 --- [crime-reporting-backend] [main] r$InitializeUserDetailsManagerConfigurer : Global AuthenticationManager configured with an AuthenticationProvider bean. UserDetailsService beans will not be used by Spring Security for automatically configuring username/password login. Consider removing the AuthenticationProvider bean. Alternatively, consider using the UserDetailsService in a manually instantiated DaoAuthenticationProvider. If the current configuration is intentional, to turn off this warning, increase the logging level of 'org.springframework.security.config.annotation.authentication.configuration.InitializeUserDetailsBeanManagerConfigurer' to ERROR
2025-04-09T11:26:31.845+02:00  WARN 20160 --- [crime-reporting-backend] [main] ConfigServletWebServerApplicationContext : Exception encountered during context initialization - cancelling refresh attempt: org.springframework.beans.factory.UnsatisfiedDependencyException: Error creating bean with name 'authController' defined in file [C:\IdeaProjects\crime-reporting-system\crime-reporting-backend\target\classes\com\crime\reporting\crime_reporting_backend\controller\AuthController.class]: Unsatisfied dependency expressed through constructor parameter 0: Error creating bean with name 'authService' defined in file [C:\IdeaProjects\crime-reporting-system\crime-reporting-backend\target\classes\com\crime\reporting\crime_reporting_backend\service\AuthService.class]: Unsatisfied dependency expressed through constructor parameter 4: Error creating bean with name 'redisTemplate' defined in class path resource [com/crime/reporting/crime_reporting_backend/config/RedisConfig.class]: Failed to instantiate [org.springframework.data.redis.core.RedisTemplate]: Factory method 'redisTemplate' threw exception with message: RedisConnectionFactory is required
2025-04-09T11:26:31.846+02:00  INFO 20160 --- [crime-reporting-backend] [main] j.LocalContainerEntityManagerFactoryBean : Closing JPA EntityManagerFactory for persistence unit 'default'
2025-04-09T11:26:31.849+02:00  INFO 20160 --- [crime-reporting-backend] [main] com.zaxxer.hikari.HikariDataSource       : HikariPool-1 - Shutdown initiated...
2025-04-09T11:26:31.852+02:00  INFO 20160 --- [crime-reporting-backend] [main] com.zaxxer.hikari.HikariDataSource       : HikariPool-1 - Shutdown completed.
2025-04-09T11:26:31.857+02:00  INFO 20160 --- [crime-reporting-backend] [main] o.apache.catalina.core.StandardService   : Stopping service [Tomcat]
2025-04-09T11:26:31.874+02:00  INFO 20160 --- [crime-reporting-backend] [main] .s.b.a.l.ConditionEvaluationReportLogger : 

Error starting ApplicationContext. To display the condition evaluation report re-run your application with 'debug' enabled.
2025-04-09T11:26:31.892+02:00 ERROR 20160 --- [crime-reporting-backend] [main] o.s.boot.SpringApplication               : Application run failed

org.springframework.beans.factory.UnsatisfiedDependencyException: Error creating bean with name 'authController' defined in file [C:\IdeaProjects\crime-reporting-system\crime-reporting-backend\target\classes\com\crime\reporting\crime_reporting_backend\controller\AuthController.class]: Unsatisfied dependency expressed through constructor parameter 0: Error creating bean with name 'authService' defined in file [C:\IdeaProjects\crime-reporting-system\crime-reporting-backend\target\classes\com\crime\reporting\crime_reporting_backend\service\AuthService.class]: Unsatisfied dependency expressed through constructor parameter 4: Error creating bean with name 'redisTemplate' defined in class path resource [com/crime/reporting/crime_reporting_backend/config/RedisConfig.class]: Failed to instantiate [org.springframework.data.redis.core.RedisTemplate]: Factory method 'redisTemplate' threw exception with message: RedisConnectionFactory is required
	at org.springframework.beans.factory.support.ConstructorResolver.createArgumentArray(ConstructorResolver.java:804) ~[spring-beans-6.2.5.jar:6.2.5]
	at org.springframework.beans.factory.support.ConstructorResolver.autowireConstructor(ConstructorResolver.java:240) ~[spring-beans-6.2.5.jar:6.2.5]
	at org.springframework.beans.factory.support.AbstractAutowireCapableBeanFactory.autowireConstructor(AbstractAutowireCapableBeanFactory.java:1381) ~[spring-beans-6.2.5.jar:6.2.5]
	at org.springframework.beans.factory.support.AbstractAutowireCapableBeanFactory.createBeanInstance(AbstractAutowireCapableBeanFactory.java:1218) ~[spring-beans-6.2.5.jar:6.2.5]
	at org.springframework.beans.factory.support.AbstractAutowireCapableBeanFactory.doCreateBean(AbstractAutowireCapableBeanFactory.java:563) ~[spring-beans-6.2.5.jar:6.2.5]
	at org.springframework.beans.factory.support.AbstractAutowireCapableBeanFactory.createBean(AbstractAutowireCapableBeanFactory.java:523) ~[spring-beans-6.2.5.jar:6.2.5]
	at org.springframework.beans.factory.support.AbstractBeanFactory.lambda$doGetBean$0(AbstractBeanFactory.java:339) ~[spring-beans-6.2.5.jar:6.2.5]
	at org.springframework.beans.factory.support.DefaultSingletonBeanRegistry.getSingleton(DefaultSingletonBeanRegistry.java:347) ~[spring-beans-6.2.5.jar:6.2.5]
	at org.springframework.beans.factory.support.AbstractBeanFactory.doGetBean(AbstractBeanFactory.java:337) ~[spring-beans-6.2.5.jar:6.2.5]
	at org.springframework.beans.factory.support.AbstractBeanFactory.getBean(AbstractBeanFactory.java:202) ~[spring-beans-6.2.5.jar:6.2.5]
	at org.springframework.beans.factory.support.DefaultListableBeanFactory.instantiateSingleton(DefaultListableBeanFactory.java:1155) ~[spring-beans-6.2.5.jar:6.2.5]
	at org.springframework.beans.factory.support.DefaultListableBeanFactory.preInstantiateSingleton(DefaultListableBeanFactory.java:1121) ~[spring-beans-6.2.5.jar:6.2.5]
	at org.springframework.beans.factory.support.DefaultListableBeanFactory.preInstantiateSingletons(DefaultListableBeanFactory.java:1056) ~[spring-beans-6.2.5.jar:6.2.5]
	at org.springframework.context.support.AbstractApplicationContext.finishBeanFactoryInitialization(AbstractApplicationContext.java:987) ~[spring-context-6.2.5.jar:6.2.5]
	at org.springframework.context.support.AbstractApplicationContext.refresh(AbstractApplicationContext.java:627) ~[spring-context-6.2.5.jar:6.2.5]
	at org.springframework.boot.web.servlet.context.ServletWebServerApplicationContext.refresh(ServletWebServerApplicationContext.java:146) ~[spring-boot-3.4.4.jar:3.4.4]
	at org.springframework.boot.SpringApplication.refresh(SpringApplication.java:752) ~[spring-boot-3.4.4.jar:3.4.4]
	at org.springframework.boot.SpringApplication.refreshContext(SpringApplication.java:439) ~[spring-boot-3.4.4.jar:3.4.4]
	at org.springframework.boot.SpringApplication.run(SpringApplication.java:318) ~[spring-boot-3.4.4.jar:3.4.4]
	at org.springframework.boot.SpringApplication.run(SpringApplication.java:1361) ~[spring-boot-3.4.4.jar:3.4.4]
	at org.springframework.boot.SpringApplication.run(SpringApplication.java:1350) ~[spring-boot-3.4.4.jar:3.4.4]
	at com.crime.reporting.crime_reporting_backend.CrimeReportingBackendApplication.main(CrimeReportingBackendApplication.java:10) ~[classes/:na]
Caused by: org.springframework.beans.factory.UnsatisfiedDependencyException: Error creating bean with name 'authService' defined in file [C:\IdeaProjects\crime-reporting-system\crime-reporting-backend\target\classes\com\crime\reporting\crime_reporting_backend\service\AuthService.class]: Unsatisfied dependency expressed through constructor parameter 4: Error creating bean with name 'redisTemplate' defined in class path resource [com/crime/reporting/crime_reporting_backend/config/RedisConfig.class]: Failed to instantiate [org.springframework.data.redis.core.RedisTemplate]: Factory method 'redisTemplate' threw exception with message: RedisConnectionFactory is required
	at org.springframework.beans.factory.support.ConstructorResolver.createArgumentArray(ConstructorResolver.java:804) ~[spring-beans-6.2.5.jar:6.2.5]
	at org.springframework.beans.factory.support.ConstructorResolver.autowireConstructor(ConstructorResolver.java:240) ~[spring-beans-6.2.5.jar:6.2.5]
	at org.springframework.beans.factory.support.AbstractAutowireCapableBeanFactory.autowireConstructor(AbstractAutowireCapableBeanFactory.java:1381) ~[spring-beans-6.2.5.jar:6.2.5]
	at org.springframework.beans.factory.support.AbstractAutowireCapableBeanFactory.createBeanInstance(AbstractAutowireCapableBeanFactory.java:1218) ~[spring-beans-6.2.5.jar:6.2.5]
	at org.springframework.beans.factory.support.AbstractAutowireCapableBeanFactory.doCreateBean(AbstractAutowireCapableBeanFactory.java:563) ~[spring-beans-6.2.5.jar:6.2.5]
	at org.springframework.beans.factory.support.AbstractAutowireCapableBeanFactory.createBean(AbstractAutowireCapableBeanFactory.java:523) ~[spring-beans-6.2.5.jar:6.2.5]
	at org.springframework.beans.factory.support.AbstractBeanFactory.lambda$doGetBean$0(AbstractBeanFactory.java:339) ~[spring-beans-6.2.5.jar:6.2.5]
	at org.springframework.beans.factory.support.DefaultSingletonBeanRegistry.getSingleton(DefaultSingletonBeanRegistry.java:347) ~[spring-beans-6.2.5.jar:6.2.5]
	at org.springframework.beans.factory.support.AbstractBeanFactory.doGetBean(AbstractBeanFactory.java:337) ~[spring-beans-6.2.5.jar:6.2.5]
	at org.springframework.beans.factory.support.AbstractBeanFactory.getBean(AbstractBeanFactory.java:202) ~[spring-beans-6.2.5.jar:6.2.5]
	at org.springframework.beans.factory.support.DefaultListableBeanFactory.doResolveDependency(DefaultListableBeanFactory.java:1609) ~[spring-beans-6.2.5.jar:6.2.5]
	at org.springframework.beans.factory.support.DefaultListableBeanFactory.resolveDependency(DefaultListableBeanFactory.java:1555) ~[spring-beans-6.2.5.jar:6.2.5]
	at org.springframework.beans.factory.support.ConstructorResolver.resolveAutowiredArgument(ConstructorResolver.java:913) ~[spring-beans-6.2.5.jar:6.2.5]
	at org.springframework.beans.factory.support.ConstructorResolver.createArgumentArray(ConstructorResolver.java:791) ~[spring-beans-6.2.5.jar:6.2.5]
	... 21 common frames omitted
Caused by: org.springframework.beans.factory.BeanCreationException: Error creating bean with name 'redisTemplate' defined in class path resource [com/crime/reporting/crime_reporting_backend/config/RedisConfig.class]: Failed to instantiate [org.springframework.data.redis.core.RedisTemplate]: Factory method 'redisTemplate' threw exception with message: RedisConnectionFactory is required
	at org.springframework.beans.factory.support.ConstructorResolver.instantiate(ConstructorResolver.java:657) ~[spring-beans-6.2.5.jar:6.2.5]
	at org.springframework.beans.factory.support.ConstructorResolver.instantiateUsingFactoryMethod(ConstructorResolver.java:489) ~[spring-beans-6.2.5.jar:6.2.5]
	at org.springframework.beans.factory.support.AbstractAutowireCapableBeanFactory.instantiateUsingFactoryMethod(AbstractAutowireCapableBeanFactory.java:1361) ~[spring-beans-6.2.5.jar:6.2.5]
	at org.springframework.beans.factory.support.AbstractAutowireCapableBeanFactory.createBeanInstance(AbstractAutowireCapableBeanFactory.java:1191) ~[spring-beans-6.2.5.jar:6.2.5]
	at org.springframework.beans.factory.support.AbstractAutowireCapableBeanFactory.doCreateBean(AbstractAutowireCapableBeanFactory.java:563) ~[spring-beans-6.2.5.jar:6.2.5]
	at org.springframework.beans.factory.support.AbstractAutowireCapableBeanFactory.createBean(AbstractAutowireCapableBeanFactory.java:523) ~[spring-beans-6.2.5.jar:6.2.5]
	at org.springframework.beans.factory.support.AbstractBeanFactory.lambda$doGetBean$0(AbstractBeanFactory.java:339) ~[spring-beans-6.2.5.jar:6.2.5]
	at org.springframework.beans.factory.support.DefaultSingletonBeanRegistry.getSingleton(DefaultSingletonBeanRegistry.java:347) ~[spring-beans-6.2.5.jar:6.2.5]
	at org.springframework.beans.factory.support.AbstractBeanFactory.doGetBean(AbstractBeanFactory.java:337) ~[spring-beans-6.2.5.jar:6.2.5]
	at org.springframework.beans.factory.support.AbstractBeanFactory.getBean(AbstractBeanFactory.java:202) ~[spring-beans-6.2.5.jar:6.2.5]
	at org.springframework.beans.factory.support.DefaultListableBeanFactory.doResolveDependency(DefaultListableBeanFactory.java:1609) ~[spring-beans-6.2.5.jar:6.2.5]
	at org.springframework.beans.factory.support.DefaultListableBeanFactory.resolveDependency(DefaultListableBeanFactory.java:1555) ~[spring-beans-6.2.5.jar:6.2.5]
	at org.springframework.beans.factory.support.ConstructorResolver.resolveAutowiredArgument(ConstructorResolver.java:913) ~[spring-beans-6.2.5.jar:6.2.5]
	at org.springframework.beans.factory.support.ConstructorResolver.createArgumentArray(ConstructorResolver.java:791) ~[spring-beans-6.2.5.jar:6.2.5]
	... 34 common frames omitted
Caused by: org.springframework.beans.BeanInstantiationException: Failed to instantiate [org.springframework.data.redis.core.RedisTemplate]: Factory method 'redisTemplate' threw exception with message: RedisConnectionFactory is required
	at org.springframework.beans.factory.support.SimpleInstantiationStrategy.lambda$instantiate$0(SimpleInstantiationStrategy.java:199) ~[spring-beans-6.2.5.jar:6.2.5]
	at org.springframework.beans.factory.support.SimpleInstantiationStrategy.instantiateWithFactoryMethod(SimpleInstantiationStrategy.java:88) ~[spring-beans-6.2.5.jar:6.2.5]
	at org.springframework.beans.factory.support.SimpleInstantiationStrategy.instantiate(SimpleInstantiationStrategy.java:168) ~[spring-beans-6.2.5.jar:6.2.5]
	at org.springframework.beans.factory.support.ConstructorResolver.instantiate(ConstructorResolver.java:653) ~[spring-beans-6.2.5.jar:6.2.5]
	... 47 common frames omitted
Caused by: java.lang.IllegalStateException: RedisConnectionFactory is required
	at org.springframework.util.Assert.state(Assert.java:79) ~[spring-core-6.2.5.jar:6.2.5]
	at org.springframework.data.redis.core.RedisAccessor.getRequiredConnectionFactory(RedisAccessor.java:66) ~[spring-data-redis-3.4.4.jar:3.4.4]
	at org.springframework.data.redis.core.RedisAccessor.afterPropertiesSet(RedisAccessor.java:40) ~[spring-data-redis-3.4.4.jar:3.4.4]
	at org.springframework.data.redis.core.RedisTemplate.afterPropertiesSet(RedisTemplate.java:132) ~[spring-data-redis-3.4.4.jar:3.4.4]
	at com.crime.reporting.crime_reporting_backend.config.RedisConfig.redisTemplate(RedisConfig.java:21) ~[classes/:na]
	at com.crime.reporting.crime_reporting_backend.config.RedisConfig$$SpringCGLIB$$0.CGLIB$redisTemplate$0(<generated>) ~[classes/:na]
	at com.crime.reporting.crime_reporting_backend.config.RedisConfig$$SpringCGLIB$$FastClass$$1.invoke(<generated>) ~[classes/:na]
	at org.springframework.cglib.proxy.MethodProxy.invokeSuper(MethodProxy.java:258) ~[spring-core-6.2.5.jar:6.2.5]
	at org.springframework.context.annotation.ConfigurationClassEnhancer$BeanMethodInterceptor.intercept(ConfigurationClassEnhancer.java:370) ~[spring-context-6.2.5.jar:6.2.5]
	at com.crime.reporting.crime_reporting_backend.config.RedisConfig$$SpringCGLIB$$0.redisTemplate(<generated>) ~[classes/:na]
	at java.base/jdk.internal.reflect.DirectMethodHandleAccessor.invoke(DirectMethodHandleAccessor.java:103) ~[na:na]
	at java.base/java.lang.reflect.Method.invoke(Method.java:580) ~[na:na]
	at org.springframework.beans.factory.support.SimpleInstantiationStrategy.lambda$instantiate$0(SimpleInstantiationStrategy.java:171) ~[spring-beans-6.2.5.jar:6.2.5]
	... 50 common frames omitted

